[Mon Mar 28 14:44:59.475930][MAINT][INFOM]:ActiveLibrary::initializeLibrary - init library.
[Mon Mar 28 14:44:59.476136][MAINT][INFOM]:ActiveCorelib::initializeCoreLibrary - init corelibrary.
[Mon Mar 28 14:44:59.476200][MAINT][INFOM]:**************************************************
[Mon Mar 28 14:44:59.476244][MAINT][INFOM]:**************************************************
[Mon Mar 28 14:44:59.476286][MAINT][INFOM]:*   tohbase Build Time: Mar  2 2016 11:45:37     *
[Mon Mar 28 14:44:59.476326][MAINT][INFOM]:**************************************************
[Mon Mar 28 14:44:59.476366][MAINT][INFOM]:**************************************************
[Mon Mar 28 14:44:59.476657][MAINT][INFOM]:client(4) connect to server 127.0.0.1:40001 success.
[Mon Mar 28 14:44:59.476959][MAINT][DEBUG]:DefaultIOHandler::OnConnectionOpened - 3010.127.0.0.1:40001/65535-1459147499476.4 opened.
[Mon Mar 28 14:45:02.406159][MAINT][INFOM]:send 1808 bytes.
[Mon Mar 28 14:45:02.495413][MAINT][INFOM]:send 1808 bytes.
[Mon Mar 28 14:45:02.576229][MAINT][INFOM]:send 1808 bytes.
[Mon Mar 28 14:45:02.666906][MAINT][INFOM]:send 1808 bytes.
[Mon Mar 28 14:45:02.777771][MAINT][INFOM]:send 1808 bytes.
[Mon Mar 28 14:45:02.888196][MAINT][INFOM]:send 1808 bytes.
[Mon Mar 28 14:45:03.009070][MAINT][INFOM]:send 1808 bytes.
[Mon Mar 28 14:45:03.079708][MAINT][INFOM]:send 1808 bytes.
[Mon Mar 28 14:45:03.160753][MAINT][INFOM]:send 1808 bytes.
[Mon Mar 28 14:45:03.251171][MAINT][INFOM]:send 1808 bytes.
[Mon Mar 28 14:45:03.331892][MAINT][INFOM]:send 1808 bytes.
[Mon Mar 28 14:45:03.422656][MAINT][INFOM]:send 1808 bytes.
[Mon Mar 28 14:45:03.503865][MAINT][INFOM]:send 1808 bytes.
[Mon Mar 28 14:45:03.584244][MAINT][INFOM]:send 1808 bytes.
[Mon Mar 28 14:45:03.695401][MAINT][INFOM]:send 1808 bytes.
[Mon Mar 28 14:45:03.786066][MAINT][INFOM]:send 1808 bytes.
[Mon Mar 28 14:45:03.866773][MAINT][INFOM]:send 1808 bytes.
[Mon Mar 28 14:45:03.957866][MAINT][INFOM]:send 1808 bytes.
[Mon Mar 28 14:45:04.038162][MAINT][INFOM]:send 1808 bytes.
[Mon Mar 28 14:45:04.109025][MAINT][INFOM]:send 1808 bytes.
[Mon Mar 28 14:45:09.114587][MAINT][DEBUG]:trapapp::sendHearbeat - send heartbeat OK.
[Mon Mar 28 14:45:11.529077][MAINT][INFOM]:send 1808 bytes.
[Mon Mar 28 14:45:12.417433][MAINT][INFOM]:send 1808 bytes.
[Mon Mar 28 14:45:12.487952][MAINT][INFOM]:send 1808 bytes.
[Mon Mar 28 14:45:12.600238][MAINT][INFOM]:send 1808 bytes.
[Mon Mar 28 14:45:12.670893][MAINT][INFOM]:send 1808 bytes.
[Mon Mar 28 14:45:12.753165][MAINT][INFOM]:send 1808 bytes.
[Mon Mar 28 14:45:12.835402][MAINT][INFOM]:send 1808 bytes.
[Mon Mar 28 14:45:12.924945][MAINT][INFOM]:send 1808 bytes.
[Mon Mar 28 14:45:13.005380][MAINT][INFOM]:send 1808 bytes.
[Mon Mar 28 14:45:13.076407][MAINT][INFOM]:send 1808 bytes.
[Mon Mar 28 14:45:13.177321][MAINT][INFOM]:send 1808 bytes.
[Mon Mar 28 14:45:19.183749][MAINT][DEBUG]:trapapp::sendHearbeat - send heartbeat OK.
[Mon Mar 28 14:45:22.462851][MAINT][INFOM]:send 1808 bytes.
[Mon Mar 28 14:45:22.533467][MAINT][INFOM]:send 1808 bytes.
[Mon Mar 28 14:45:22.634479][MAINT][INFOM]:send 1808 bytes.
[Mon Mar 28 14:45:22.705198][MAINT][INFOM]:send 1808 bytes.
[Mon Mar 28 14:45:22.788328][MAINT][INFOM]:send 1808 bytes.
[Mon Mar 28 14:45:22.848923][MAINT][INFOM]:send 1808 bytes.
[Mon Mar 28 14:45:22.949929][MAINT][INFOM]:send 1808 bytes.
[Mon Mar 28 14:45:23.040610][MAINT][INFOM]:send 1808 bytes.
[Mon Mar 28 14:45:23.134163][MAINT][INFOM]:send 1808 bytes.
[Mon Mar 28 14:45:23.215073][MAINT][INFOM]:send 1808 bytes.
[Mon Mar 28 14:45:23.295865][MAINT][INFOM]:send 1808 bytes.
[Mon Mar 28 14:45:23.376700][MAINT][INFOM]:send 1808 bytes.
[Mon Mar 28 14:45:23.457609][MAINT][INFOM]:send 1808 bytes.
[Mon Mar 28 14:45:23.538444][MAINT][INFOM]:send 1808 bytes.
[Mon Mar 28 14:45:23.639382][MAINT][INFOM]:send 1808 bytes.
[Mon Mar 28 14:45:23.730250][MAINT][INFOM]:send 1808 bytes.
[Mon Mar 28 14:45:23.841291][MAINT][INFOM]:send 1808 bytes.
[Mon Mar 28 14:45:23.962394][MAINT][INFOM]:send 1808 bytes.
[Mon Mar 28 14:45:24.043028][MAINT][INFOM]:send 1808 bytes.
[Mon Mar 28 14:45:24.133749][MAINT][INFOM]:send 1808 bytes.
[Mon Mar 28 14:45:24.224672][MAINT][INFOM]:send 1808 bytes.
[Mon Mar 28 14:45:24.295280][MAINT][INFOM]:send 1808 bytes.
[Mon Mar 28 14:45:24.376077][MAINT][INFOM]:send 1808 bytes.
[Mon Mar 28 14:45:24.456699][MAINT][INFOM]:send 1808 bytes.
[Mon Mar 28 14:45:24.537378][MAINT][INFOM]:send 1808 bytes.
[Mon Mar 28 14:45:24.628191][MAINT][INFOM]:send 1808 bytes.
[Mon Mar 28 14:45:24.729461][MAINT][INFOM]:send 1808 bytes.
[Mon Mar 28 14:45:24.831006][MAINT][INFOM]:send 1808 bytes.
[Mon Mar 28 14:45:24.911674][MAINT][INFOM]:send 1808 bytes.
[Mon Mar 28 14:45:24.992817][MAINT][INFOM]:send 1808 bytes.
[Mon Mar 28 14:45:25.062979][MAINT][INFOM]:send 1808 bytes.
[Mon Mar 28 14:45:25.153726][MAINT][INFOM]:send 1808 bytes.
[Mon Mar 28 14:45:25.234426][MAINT][INFOM]:send 1808 bytes.
[Mon Mar 28 14:45:25.315588][MAINT][INFOM]:send 1808 bytes.
[Mon Mar 28 14:45:25.396170][MAINT][INFOM]:send 1808 bytes.
[Mon Mar 28 14:45:25.476937][MAINT][INFOM]:send 1808 bytes.
[Mon Mar 28 14:45:25.557723][MAINT][INFOM]:send 1808 bytes.
[Mon Mar 28 14:45:25.638457][MAINT][INFOM]:send 1808 bytes.
[Mon Mar 28 14:45:25.719236][MAINT][INFOM]:send 1808 bytes.
[Mon Mar 28 14:45:25.809806][MAINT][INFOM]:send 1808 bytes.
[Mon Mar 28 14:45:29.314070][MAINT][DEBUG]:trapapp::sendHearbeat - send heartbeat OK.
[Mon Mar 28 14:45:31.531371][MAINT][INFOM]:send 1808 bytes.
[Mon Mar 28 14:45:31.581654][MAINT][INFOM]:send 1808 bytes.
[Mon Mar 28 14:45:31.644420][MAINT][INFOM]:send 1808 bytes.
[Mon Mar 28 14:45:32.481843][MAINT][INFOM]:send 1808 bytes.
[Mon Mar 28 14:45:32.552391][MAINT][INFOM]:send 1808 bytes.
[Mon Mar 28 14:45:32.632947][MAINT][INFOM]:send 1808 bytes.
[Mon Mar 28 14:45:32.713733][MAINT][INFOM]:send 1808 bytes.
[Mon Mar 28 14:45:32.795261][MAINT][INFOM]:send 1808 bytes.
[Mon Mar 28 14:45:32.926294][MAINT][INFOM]:send 1808 bytes.
[Mon Mar 28 14:45:33.019621][MAINT][INFOM]:send 1808 bytes.
[Mon Mar 28 14:45:33.090412][MAINT][INFOM]:send 1808 bytes.
[Mon Mar 28 14:45:33.194383][MAINT][INFOM]:send 1808 bytes.
[Mon Mar 28 14:45:33.275090][MAINT][INFOM]:send 1808 bytes.
[Mon Mar 28 14:45:33.358839][MAINT][INFOM]:send 1808 bytes.
[Mon Mar 28 14:45:33.439292][MAINT][INFOM]:send 1808 bytes.
[Mon Mar 28 14:45:33.532970][MAINT][INFOM]:send 1808 bytes.
[Mon Mar 28 14:45:33.603767][MAINT][INFOM]:send 1808 bytes.
[Mon Mar 28 14:45:33.707177][MAINT][INFOM]:send 1808 bytes.
[Mon Mar 28 14:45:33.777906][MAINT][INFOM]:send 1808 bytes.
[Mon Mar 28 14:45:39.283831][MAINT][DEBUG]:trapapp::sendHearbeat - send heartbeat OK.
[Mon Mar 28 14:45:41.533661][MAINT][INFOM]:send 1808 bytes.
[Mon Mar 28 14:45:41.584008][MAINT][INFOM]:send 1808 bytes.
[Mon Mar 28 14:45:41.644486][MAINT][INFOM]:send 1808 bytes.
[Mon Mar 28 14:45:41.715035][MAINT][INFOM]:send 1808 bytes.
[Mon Mar 28 14:45:41.765426][MAINT][INFOM]:send 1808 bytes.
[Mon Mar 28 14:45:41.867989][MAINT][INFOM]:send 1808 bytes.
[Mon Mar 28 14:45:42.473792][MAINT][INFOM]:send 1808 bytes.
[Mon Mar 28 14:45:42.554266][MAINT][INFOM]:send 1808 bytes.
[Mon Mar 28 14:45:42.644871][MAINT][INFOM]:send 1808 bytes.
[Mon Mar 28 14:45:42.735495][MAINT][INFOM]:send 1808 bytes.
[Mon Mar 28 14:45:42.816902][MAINT][INFOM]:send 1808 bytes.
[Mon Mar 28 14:45:42.898024][MAINT][INFOM]:send 1808 bytes.
[Mon Mar 28 14:45:42.978803][MAINT][INFOM]:send 1808 bytes.
[Mon Mar 28 14:45:43.069545][MAINT][INFOM]:send 1808 bytes.
[Mon Mar 28 14:45:43.140296][MAINT][INFOM]:send 1808 bytes.
[Mon Mar 28 14:45:43.230866][MAINT][INFOM]:send 1808 bytes.
[Mon Mar 28 14:45:43.311573][MAINT][INFOM]:send 1808 bytes.
[Mon Mar 28 14:45:43.412532][MAINT][INFOM]:send 1808 bytes.
[Mon Mar 28 14:45:43.483155][MAINT][INFOM]:send 1808 bytes.
[Mon Mar 28 14:45:43.563829][MAINT][INFOM]:send 1808 bytes.
[Mon Mar 28 14:45:43.664075][MAINT][INFOM]:send 1808 bytes.
[Mon Mar 28 14:45:43.744704][MAINT][INFOM]:send 1808 bytes.
[Mon Mar 28 14:45:43.825224][MAINT][INFOM]:send 1808 bytes.
[Mon Mar 28 14:45:43.916061][MAINT][INFOM]:send 1808 bytes.
[Mon Mar 28 14:45:44.006739][MAINT][INFOM]:send 1808 bytes.
[Mon Mar 28 14:45:44.087260][MAINT][INFOM]:send 1808 bytes.
[Mon Mar 28 14:45:44.157721][MAINT][INFOM]:send 1808 bytes.
[Mon Mar 28 14:45:44.228458][MAINT][INFOM]:send 1808 bytes.
[Mon Mar 28 14:45:49.001010][MAINT][DEBUG]:trapapp::sendHearbeat - send heartbeat OK.
